#
# A fatal error has been detected by the Java Runtime Environment:
#
#  Internal Error (javaClasses.cpp:136), pid=14272, tid=14768
#  fatal error: Invalid layout of preloaded class
#
# JRE version:  (7.0_45-b18) (build )
# Java VM: Java HotSpot(TM) 64-Bit Server VM (24.45-b08 mixed mode windows-amd64 compressed oops)
# Failed to write core dump. Minidumps are not enabled by default on client versions of Windows
#
# If you would like to submit a bug report, please visit:
#   http://bugreport.sun.com/bugreport/crash.jsp
#

---------------  T H R E A D  ---------------

Current thread (0x0000000002eb0800):  JavaThread "Unknown thread" [_thread_in_vm, id=14768, stack(0x0000000002cf0000,0x0000000002df0000)]

Stack: [0x0000000002cf0000,0x0000000002df0000]

---------------  P R O C E S S  ---------------

Java Threads: ( => current thread )

Other Threads:

=>0x0000000002eb0800 (exited) JavaThread "Unknown thread" [_thread_in_vm, id=14768, stack(0x0000000002cf0000,0x0000000002df0000)]

VM state:not at safepoint (not fully initialized)

VM Mutex/Monitor currently owned by a thread: None

GC Heap History (0 events):
No events

Deoptimization events (0 events):
No events

Internal exceptions (0 events):
No events

Events (10 events):
Event: 0.013 loading class 0x0000000002ef4db0 done
Event: 0.014 loading class 0x0000000002ef47d0 done
Event: 0.014 loading class 0x0000000002ef47b0
Event: 0.014 loading class 0x0000000002efc8b0
Event: 0.014 loading class 0x0000000002efc8b0 done
Event: 0.014 loading class 0x0000000002efc8e0
Event: 0.014 loading class 0x0000000002efc8e0 done
Event: 0.014 loading class 0x0000000002efc910
Event: 0.014 loading class 0x0000000002efc910 done
Event: 0.014 loading class 0x0000000002ef47b0 done


Dynamic libraries:
0x000007f7b9040000 - 0x000007f7b9073000 	C:\Program Files\Java\jdk1.7.0_45\bin\javaw.exe
0x000007fa22b60000 - 0x000007fa22d1e000 	C:\Windows\SYSTEM32\ntdll.dll
0x000007fa206f0000 - 0x000007fa20827000 	C:\Windows\system32\KERNEL32.DLL
0x000007fa1fa80000 - 0x000007fa1fb74000 	C:\Windows\system32\KERNELBASE.dll
0x000007fa22a80000 - 0x000007fa22b5e000 	C:\Windows\system32\ADVAPI32.dll
0x000007fa21f50000 - 0x000007fa2209c000 	C:\Windows\system32\USER32.dll
0x000007fa1cfc0000 - 0x000007fa1d22a000 	C:\Windows\WinSxS\amd64_microsoft.windows.common-controls_6595b64144ccf1df_6.0.9200.16579_none_418ab7ef718b27ef\COMCTL32.dll
0x000007fa1fea0000 - 0x000007fa1ff45000 	C:\Windows\system32\msvcrt.dll
0x000007fa20230000 - 0x000007fa20278000 	C:\Windows\SYSTEM32\sechost.dll
0x000007fa22930000 - 0x000007fa22a75000 	C:\Windows\system32\RPCRT4.dll
0x000007fa1ff60000 - 0x000007fa200a1000 	C:\Windows\system32\GDI32.dll
0x000007fa20280000 - 0x000007fa202b9000 	C:\Windows\system32\IMM32.DLL
0x000007fa20830000 - 0x000007fa20946000 	C:\Windows\system32\MSCTF.dll
0x000007fa1f560000 - 0x000007fa1f591000 	C:\Windows\system32\nvinitx.dll
0x000000000f000000 - 0x000000000f006000 	C:\Program Files\NVIDIA Corporation\CoProcManager\detoured.dll
0x000007fa1bbb0000 - 0x000007fa1bc0f000 	C:\Program Files\NVIDIA Corporation\CoProcManager\nvd3d9wrapx.dll
0x000007fa22190000 - 0x000007fa22360000 	C:\Windows\system32\SETUPAPI.dll
0x000007fa1fba0000 - 0x000007fa1fbef000 	C:\Windows\system32\CFGMGR32.dll
0x000007fa1f750000 - 0x000007fa1f772000 	C:\Windows\system32\DEVOBJ.dll
0x000007fa1bb60000 - 0x000007fa1bba6000 	C:\Program Files\NVIDIA Corporation\CoProcManager\nvdxgiwrapx.dll
0x000000006efd0000 - 0x000000006f0a2000 	C:\Program Files\Java\jdk1.7.0_45\jre\bin\msvcr100.dll
0x000000006f430000 - 0x000000006fbf9000 	C:\Program Files\Java\jdk1.7.0_45\jre\bin\server\jvm.dll
0x000007fa17b30000 - 0x000007fa17b39000 	C:\Windows\SYSTEM32\WSOCK32.dll
0x000007fa1fb80000 - 0x000007fa1fba0000 	C:\Windows\system32\WINMM.dll
0x000007fa1fc60000 - 0x000007fa1fc67000 	C:\Windows\system32\PSAPI.DLL
0x000007fa204e0000 - 0x000007fa20538000 	C:\Windows\system32\WS2_32.dll
0x000007fa1f710000 - 0x000007fa1f743000 	C:\Windows\system32\WINMMBASE.dll
0x000007fa21eb0000 - 0x000007fa21eb9000 	C:\Windows\system32\NSI.dll
0x0000000070f10000 - 0x0000000070f1f000 	C:\Program Files\Java\jdk1.7.0_45\jre\bin\verify.dll
0x0000000070ee0000 - 0x0000000070f08000 	C:\Program Files\Java\jdk1.7.0_45\jre\bin\java.dll
0x000000006f330000 - 0x000000006f345000 	C:\Program Files\Java\jdk1.7.0_45\jre\bin\zip.dll

VM Arguments:
jvm_args: -Dfile.encoding=GBK -Xbootclasspath:D:\360安全浏览器下载\android-sdk-windows\android-sdk-windows\platforms\android-19\android.jar 
java_command: domain.systemManaConfig.ConfigurationService
Launcher Type: SUN_STANDARD

Environment Variables:
JAVA_HOME=C:\Program Files\Java\jdk1.7.0_45
CLASSPATH=.;C:\Program Files\Java\jdk1.7.0_45\lib\tools.jar;C:\Program Files\Java\jdk1.7.0_45\lib\dt.jar;C:\Program Files\Java\jdk1.7.0_45\bin;
PATH=C:/Program Files/Java/jdk1.7.0_45/bin/../jre/bin/server;C:/Program Files/Java/jdk1.7.0_45/bin/../jre/bin;C:/Program Files/Java/jdk1.7.0_45/bin/../jre/lib/amd64;E:\app\dcl\product\11.2.0\dbhome_1\bin;C:\Program Files (x86)\NVIDIA Corporation\PhysX\Common;C:\Program Files\Java\jdk1.7.0_45\bin;C:\Windows\system32;C:\Windows;C:\Windows\System32\Wbem;C:\Windows\System32\WindowsPowerShell\v1.0\;D:\360安全浏览器下载\android-sdk-windows\android-sdk-windows\tools;D:\360安全浏览器下载\android-sdk-windows\android-sdk-windows\platform-tools;C:\Program Files (x86)\MySQL\MySQL Utilities 1.3.5\;C:\Program Files (x86)\Microsoft SQL Server\100\Tools\Binn\;C:\Program Files\Microsoft SQL Server\100\Tools\Binn\;C:\Program Files\Microsoft SQL Server\100\DTS\Binn\;D:\360安全浏览器下载\163disk.com_eclipse-SDK-3.7.2-win64\eclipse;
USERNAME=dcl
OS=Windows_NT
PROCESSOR_IDENTIFIER=Intel64 Family 6 Model 58 Stepping 9, GenuineIntel



---------------  S Y S T E M  ---------------

OS: Windows 8 , 64 bit Build 9200 

CPU:total 4 (2 cores per cpu, 2 threads per core) family 6 model 58 stepping 9, cmov, cx8, fxsr, mmx, sse, sse2, sse3, ssse3, sse4.1, sse4.2, popcnt, avx, aes, erms, ht, tsc, tscinvbit, tscinv

Memory: 4k page, physical 4077180k(975868k free), swap 9455920k(1892588k free)

vm_info: Java HotSpot(TM) 64-Bit Server VM (24.45-b08) for windows-amd64 JRE (1.7.0_45-b18), built on Oct  8 2013 05:47:22 by "java_re" with unknown MS VC++:1600

time: Mon Sep 29 22:39:15 2014
elapsed time: 0 seconds

